Dec 24 21:07 : exception: Failed to open '/home/batman/.config/mpd/mpdstate': No such file or directory
Dec 24 21:07 : update: added /The Friday Prophets - Bits & Pieces - 01 Good Things.wav
Dec 24 21:07 : update: added /The Friday Prophets - Bits & Pieces - 02 Punk Rock Flu.wav
Dec 24 21:07 : update: added /The Friday Prophets - Bits & Pieces - 03 Amsterdam.wav
Dec 24 21:07 : update: added /The Friday Prophets - Bits & Pieces - 04 All the Roads.wav
Dec 24 21:07 : update: added /The Friday Prophets - Bits & Pieces - 05 Social Wreck.wav
Dec 24 21:07 : update: added /The Friday Prophets - Bits & Pieces - 06 Seed of Doubt.wav
Dec 24 21:07 : update: added /The Friday Prophets - Bits & Pieces - 07 From the Ground Up.wav
Dec 24 21:07 : update: added /The Friday Prophets - Bits & Pieces - 08 Guardian Angel.wav
Dec 24 21:07 : update: added /The Friday Prophets - Bits & Pieces - 09 Found & Lost.wav
Dec 24 21:07 : update: added /The Friday Prophets - Bits & Pieces - 10 Choreographed Misbehavior.wav
Dec 24 21:07 : update: added /The Friday Prophets - Bits & Pieces - 11 Wasted Days.wav
Dec 24 21:07 : update: added /The Friday Prophets - Bits & Pieces - 12 Daffy's Futility Routine.wav
Dec 24 21:07 : update: added /The Friday Prophets - Bits & Pieces - 13 No Plain Sailing.wav
Dec 24 21:07 : update: added /The Friday Prophets - Bits & Pieces - 14 Too Late.wav
Dec 24 21:07 : update: added The Friday Prophets - Bits & Pieces.zip/The Friday Prophets - Bits & Pieces - 01 Good Things.wav
Dec 24 21:07 : update: added The Friday Prophets - Bits & Pieces.zip/The Friday Prophets - Bits & Pieces - 02 Punk Rock Flu.wav
Dec 24 21:07 : update: added The Friday Prophets - Bits & Pieces.zip/The Friday Prophets - Bits & Pieces - 03 Amsterdam.wav
Dec 24 21:07 : update: added The Friday Prophets - Bits & Pieces.zip/The Friday Prophets - Bits & Pieces - 04 All the Roads.wav
Dec 24 21:07 : update: added The Friday Prophets - Bits & Pieces.zip/The Friday Prophets - Bits & Pieces - 05 Social Wreck.wav
Dec 24 21:07 : update: added The Friday Prophets - Bits & Pieces.zip/The Friday Prophets - Bits & Pieces - 06 Seed of Doubt.wav
Dec 24 21:07 : update: added The Friday Prophets - Bits & Pieces.zip/The Friday Prophets - Bits & Pieces - 07 From the Ground Up.wav
Dec 24 21:07 : update: added The Friday Prophets - Bits & Pieces.zip/The Friday Prophets - Bits & Pieces - 08 Guardian Angel.wav
Dec 24 21:07 : update: added The Friday Prophets - Bits & Pieces.zip/The Friday Prophets - Bits & Pieces - 09 Found & Lost.wav
Dec 24 21:07 : update: added The Friday Prophets - Bits & Pieces.zip/The Friday Prophets - Bits & Pieces - 10 Choreographed Misbehavior.wav
Dec 24 21:07 : update: added The Friday Prophets - Bits & Pieces.zip/The Friday Prophets - Bits & Pieces - 11 Wasted Days.wav
Dec 24 21:07 : update: added The Friday Prophets - Bits & Pieces.zip/The Friday Prophets - Bits & Pieces - 12 Daffy's Futility Routine.wav
Dec 24 21:07 : update: added The Friday Prophets - Bits & Pieces.zip/The Friday Prophets - Bits & Pieces - 13 No Plain Sailing.wav
Dec 24 21:07 : update: added The Friday Prophets - Bits & Pieces.zip/The Friday Prophets - Bits & Pieces - 14 Too Late.wav
Dec 24 21:18 : update: added /audio.mp3
